[0307/170247.097:INFO:CONSOLE(159)] "Event handler of 'x-storagemutated-1' event must be added on the initial evaluation of worker script.", source: https://static.whatsapp.net/rsrc.php/v4/y7/r/r_xfGPJIlMq.js (159)
[0307/170247.205:INFO:CONSOLE(0)] "Error with Permissions-Policy header: Feature xr-spatial-tracking's parameters are ignored.", source:  (0)
[0307/170247.205:INFO:CONSOLE(0)] "Error with Permissions-Policy header: Origin trial controlled feature not enabled: 'attribution-reporting'.", source:  (0)
[0307/170247.205:INFO:CONSOLE(0)] "Error with Permissions-Policy header: Unrecognized feature: 'compute-pressure'.", source:  (0)
[0307/170247.205:INFO:CONSOLE(0)] "Error with Permissions-Policy header: Origin trial controlled feature not enabled: 'interest-cohort'.", source:  (0)
[0307/170247.205:INFO:CONSOLE(0)] "Error with Permissions-Policy header: Unrecognized feature: 'private-state-token-issuance'.", source:  (0)
[0307/170247.206:INFO:CONSOLE(0)] "Error with Permissions-Policy header: Origin trial controlled feature not enabled: 'shared-storage'.", source:  (0)
[0307/170247.206:INFO:CONSOLE(0)] "Error with Permissions-Policy header: Unrecognized feature: 'shared-storage-select-url'.", source:  (0)
[0307/170247.206:INFO:CONSOLE(0)] "Error with Permissions-Policy header: Unrecognized feature: 'private-state-token-redemption'.", source:  (0)
[0307/170247.206:INFO:CONSOLE(0)] "Error with Permissions-Policy header: Unrecognized feature: 'unload'.", source:  (0)
[0307/170247.206:INFO:CONSOLE(0)] "Error with Permissions-Policy header: Unrecognized feature: 'window-management'.", source:  (0)
[0307/170501.199:INFO:CONSOLE(159)] "Event handler of 'x-storagemutated-1' event must be added on the initial evaluation of worker script.", source: https://static.whatsapp.net/rsrc.php/v4/y7/r/r_xfGPJIlMq.js (159)
[0307/170613.897:INFO:CONSOLE(159)] "Event handler of 'x-storagemutated-1' event must be added on the initial evaluation of worker script.", source: https://static.whatsapp.net/rsrc.php/v4/y7/r/r_xfGPJIlMq.js (159)
[0307/170958.934:INFO:CONSOLE(159)] "Event handler of 'x-storagemutated-1' event must be added on the initial evaluation of worker script.", source: https://static.whatsapp.net/rsrc.php/v4/y7/r/r_xfGPJIlMq.js (159)
[0307/171221.189:INFO:CONSOLE(159)] "Event handler of 'x-storagemutated-1' event must be added on the initial evaluation of worker script.", source: https://static.whatsapp.net/rsrc.php/v4/y7/r/r_xfGPJIlMq.js (159)
[0307/171401.353:INFO:CONSOLE(159)] "Event handler of 'x-storagemutated-1' event must be added on the initial evaluation of worker script.", source: https://static.whatsapp.net/rsrc.php/v4/y7/r/r_xfGPJIlMq.js (159)
[0307/171605.946:INFO:CONSOLE(159)] "Event handler of 'x-storagemutated-1' event must be added on the initial evaluation of worker script.", source: https://static.whatsapp.net/rsrc.php/v4/y7/r/r_xfGPJIlMq.js (159)
[0307/171907.167:INFO:CONSOLE(159)] "Event handler of 'x-storagemutated-1' event must be added on the initial evaluation of worker script.", source: https://static.whatsapp.net/rsrc.php/v4/y7/r/r_xfGPJIlMq.js (159)
[0307/172330.759:INFO:CONSOLE(159)] "Event handler of 'x-storagemutated-1' event must be added on the initial evaluation of worker script.", source: https://static.whatsapp.net/rsrc.php/v4/y7/r/r_xfGPJIlMq.js (159)
[0307/172702.855:INFO:CONSOLE(159)] "Event handler of 'x-storagemutated-1' event must be added on the initial evaluation of worker script.", source: https://static.whatsapp.net/rsrc.php/v4/y7/r/r_xfGPJIlMq.js (159)
[0307/172940.032:INFO:CONSOLE(159)] "Event handler of 'x-storagemutated-1' event must be added on the initial evaluation of worker script.", source: https://static.whatsapp.net/rsrc.php/v4/y7/r/r_xfGPJIlMq.js (159)
[0307/173055.459:INFO:CONSOLE(159)] "Event handler of 'x-storagemutated-1' event must be added on the initial evaluation of worker script.", source: https://static.whatsapp.net/rsrc.php/v4/y7/r/r_xfGPJIlMq.js (159)
[0307/174501.714:INFO:CONSOLE(159)] "Event handler of 'x-storagemutated-1' event must be added on the initial evaluation of worker script.", source: https://static.whatsapp.net/rsrc.php/v4/y7/r/r_xfGPJIlMq.js (159)
[0307/174617.077:INFO:CONSOLE(159)] "Event handler of 'x-storagemutated-1' event must be added on the initial evaluation of worker script.", source: https://static.whatsapp.net/rsrc.php/v4/y7/r/r_xfGPJIlMq.js (159)
[0307/174951.544:INFO:CONSOLE(159)] "Event handler of 'x-storagemutated-1' event must be added on the initial evaluation of worker script.", source: https://static.whatsapp.net/rsrc.php/v4/y7/r/r_xfGPJIlMq.js (159)
[0307/175531.460:INFO:CONSOLE(159)] "Event handler of 'x-storagemutated-1' event must be added on the initial evaluation of worker script.", source: https://static.whatsapp.net/rsrc.php/v4/y7/r/r_xfGPJIlMq.js (159)
[0307/175746.998:INFO:CONSOLE(159)] "Event handler of 'x-storagemutated-1' event must be added on the initial evaluation of worker script.", source: https://static.whatsapp.net/rsrc.php/v4/y7/r/r_xfGPJIlMq.js (159)
[0307/181225.965:INFO:CONSOLE(159)] "Event handler of 'x-storagemutated-1' event must be added on the initial evaluation of worker script.", source: https://static.whatsapp.net/rsrc.php/v4/y7/r/r_xfGPJIlMq.js (159)
[0307/181722.284:INFO:CONSOLE(159)] "Event handler of 'x-storagemutated-1' event must be added on the initial evaluation of worker script.", source: https://static.whatsapp.net/rsrc.php/v4/y7/r/r_xfGPJIlMq.js (159)
[0307/181839.539:INFO:CONSOLE(159)] "Event handler of 'x-storagemutated-1' event must be added on the initial evaluation of worker script.", source: https://static.whatsapp.net/rsrc.php/v4/y7/r/r_xfGPJIlMq.js (159)
